\BOOKMARK [-1][-]{part.1}{I Definici\363n de LIST y SET}{}% 1
\BOOKMARK [0][-]{chapter.1}{LIST y SET basados en informaci\363n morfosint\341ctica}{part.1}% 2
\BOOKMARK [1][-]{section.1.1}{Categor\355as gramaticales}{chapter.1}% 3
\BOOKMARK [1][-]{section.1.2}{Rasgos morfosint\341cticos}{chapter.1}% 4
\BOOKMARK [0][-]{chapter.2}{LIST y SET basados en lemas}{part.1}% 5
\BOOKMARK [1][-]{section.2.1}{Los LIST}{chapter.2}% 6
\BOOKMARK [1][-]{section.2.2}{Los SET}{chapter.2}% 7
\BOOKMARK [0][-]{chapter.3}{LIST y SET basados en palabras \(literales\)}{part.1}% 8
\BOOKMARK [0][-]{chapter.4}{LIST y SET basados en etiquetas pedag\363gicas}{part.1}% 9
\BOOKMARK [-1][-]{part.2}{II Secciones previas}{}% 10
\BOOKMARK [0][-]{chapter.5}{Reglas para rectificar errores de tagging}{part.2}% 11
\BOOKMARK [-1][-]{part.3}{III Secciones principales}{}% 12
\BOOKMARK [0][-]{chapter.6}{Uso de las preposiciones}{part.3}% 13
\BOOKMARK [1][-]{section.6.1}{Usos de para}{chapter.6}% 14
\BOOKMARK [2][-]{subsection.6.1.1}{El uso de para para expresar el destinatario o audiencia de una acci\363n}{section.6.1}% 15
\BOOKMARK [2][-]{subsection.6.1.2}{El uso de para para expresar una finalidad}{section.6.1}% 16
\BOOKMARK [2][-]{subsection.6.1.3}{El uso de para para expresar una opini\363n}{section.6.1}% 17
\BOOKMARK [2][-]{subsection.6.1.4}{Usos de para no clasificados}{section.6.1}% 18
\BOOKMARK [1][-]{section.6.2}{Usos de por}{chapter.6}% 19
\BOOKMARK [2][-]{subsection.6.2.1}{Usos de por en locuciones}{section.6.2}% 20
\BOOKMARK [2][-]{subsection.6.2.2}{Usos de por no clasificados}{section.6.2}% 21
\BOOKMARK [2][-]{subsection.6.2.3}{Usos de preposiciones no clasificados}{section.6.2}% 22
\BOOKMARK [0][-]{chapter.7}{Uso de los pronombres}{part.3}% 23
\BOOKMARK [1][-]{section.7.1}{Pronombres de sujeto}{chapter.7}% 24
\BOOKMARK [1][-]{section.7.2}{Pronombres de objeto directo o complemento atributivo}{chapter.7}% 25
\BOOKMARK [1][-]{section.7.3}{Pronombres de objeto directo o indirecto}{chapter.7}% 26
\BOOKMARK [0][-]{chapter.8}{Formas verbales conjugadas}{part.3}% 27
\BOOKMARK [1][-]{section.8.1}{Formas verbales para tiempos pret\351ritos}{chapter.8}% 28
\BOOKMARK [2][-]{subsection.8.1.1}{Pret\351rito imperfecto}{section.8.1}% 29
\BOOKMARK [2][-]{subsection.8.1.2}{Pret\351rito perfecto}{section.8.1}% 30
\BOOKMARK [1][-]{section.8.2}{Verbos piscol\363gicos: gustar, encantar, sorprender y otros}{chapter.8}% 31
\BOOKMARK [2][-]{subsection.8.2.1}{Usos de gustar para expresar gustos propios}{section.8.2}% 32
\BOOKMARK [2][-]{subsection.8.2.2}{Usos de gustar para expresar gustos de tu interlocutor}{section.8.2}% 33
\BOOKMARK [2][-]{subsection.8.2.3}{Usos de gustar para expresar gustos de otras personas}{section.8.2}% 34
\BOOKMARK [1][-]{section.8.3}{Expresar sorpresa}{chapter.8}% 35
\BOOKMARK [2][-]{subsection.8.3.1}{Usos de sorprender}{section.8.3}% 36
\BOOKMARK [0][-]{chapter.9}{Funciones comunicativas}{part.3}% 37
\BOOKMARK [0][-]{chapter.10}{Pragm\341tica}{part.3}% 38
\BOOKMARK [1][-]{section.10.1}{Marcadores discursivos}{chapter.10}% 39
\BOOKMARK [2][-]{subsection.10.1.1}{Marcadores discursivos indicadores de revisi\363n}{section.10.1}% 40
\BOOKMARK [2][-]{subsection.10.1.2}{Marcadores discursivos indicadores de causa}{section.10.1}% 41
\BOOKMARK [2][-]{subsection.10.1.3}{Marcadores discursivos indicadores de igualdad}{section.10.1}% 42
